<?xml version="1.0" encoding="UTF-8"?>
<testng-results ignored="0" total="10" passed="10" failed="0" skipped="0">
  <reporter-output>
  </reporter-output>
  <suite started-at="2023-07-11T12:37:57 IST" name="All Test Suite" finished-at="2023-07-11T12:38:17 IST" duration-ms="20090">
    <groups>
    </groups>
    <test started-at="2023-07-11T12:37:57 IST" name="C:/Users/a853684/IdeaProjects/PetStoreAPIAutomation" finished-at="2023-07-11T12:38:17 IST" duration-ms="20090">
      <class name="api.tests.UserTests">
        <test-method is-config="true" signature="setUpData()[pri:0, instance:api.tests.UserTests@205d38da]" started-at="2023-07-11T12:38:10 IST" name="setUpData" finished-at="2023-07-11T12:38:11 IST" duration-ms="1184" status="PASS">
          <reporter-output>
          </reporter-output>
        </test-method> <!-- setUpData -->
        <test-method signature="testPostUser()[pri:1, instance:api.tests.UserTests@205d38da]" started-at="2023-07-11T12:38:11 IST" name="testPostUser" finished-at="2023-07-11T12:38:12 IST" duration-ms="1171" status="PASS">
          <reporter-output>
          </reporter-output>
        </test-method> <!-- testPostUser -->
        <test-method signature="testGetUserByName()[pri:2, instance:api.tests.UserTests@205d38da]" started-at="2023-07-11T12:38:12 IST" name="testGetUserByName" finished-at="2023-07-11T12:38:14 IST" duration-ms="1155" status="PASS">
          <reporter-output>
          </reporter-output>
        </test-method> <!-- testGetUserByName -->
        <test-method signature="testUpdateUserByName()[pri:3, instance:api.tests.UserTests@205d38da]" started-at="2023-07-11T12:38:14 IST" name="testUpdateUserByName" finished-at="2023-07-11T12:38:16 IST" duration-ms="2331" status="PASS">
          <reporter-output>
          </reporter-output>
        </test-method> <!-- testUpdateUserByName -->
        <test-method signature="testDeleteUserByName()[pri:4, instance:api.tests.UserTests@205d38da]" started-at="2023-07-11T12:38:16 IST" name="testDeleteUserByName" finished-at="2023-07-11T12:38:17 IST" duration-ms="1161" status="PASS">
          <reporter-output>
          </reporter-output>
        </test-method> <!-- testDeleteUserByName -->
      </class> <!-- api.tests.UserTests -->
      <class name="api.tests.DataDrivenTests">
        <test-method signature="testPostUser(java.lang.String,java.lang.String,java.lang.String,java.lang.String,java.lang.String,java.lang.String,java.lang.String)[pri:1, instance:api.tests.DataDrivenTests@3f4faf53]" started-at="2023-07-11T12:38:00 IST" name="testPostUser" data-provider="Data" finished-at="2023-07-11T12:38:04 IST" duration-ms="4529" status="PASS">
          <params>
            <param index="0">
              <value>
                <![CDATA[100001]]>
              </value>
            </param>
            <param index="1">
              <value>
                <![CDATA[TestUser1]]>
              </value>
            </param>
            <param index="2">
              <value>
                <![CDATA[John]]>
              </value>
            </param>
            <param index="3">
              <value>
                <![CDATA[Cena]]>
              </value>
            </param>
            <param index="4">
              <value>
                <![CDATA[testuser1@gmail.com]]>
              </value>
            </param>
            <param index="5">
              <value>
                <![CDATA[TestUser1@89]]>
              </value>
            </param>
            <param index="6">
              <value>
                <![CDATA[1111111111]]>
              </value>
            </param>
          </params>
          <reporter-output>
          </reporter-output>
        </test-method> <!-- testPostUser -->
        <test-method signature="testPostUser(java.lang.String,java.lang.String,java.lang.String,java.lang.String,java.lang.String,java.lang.String,java.lang.String)[pri:1, instance:api.tests.DataDrivenTests@3f4faf53]" started-at="2023-07-11T12:38:04 IST" name="testPostUser" data-provider="Data" finished-at="2023-07-11T12:38:05 IST" duration-ms="1185" status="PASS">
          <params>
            <param index="0">
              <value>
                <![CDATA[100002]]>
              </value>
            </param>
            <param index="1">
              <value>
                <![CDATA[TestUser2]]>
              </value>
            </param>
            <param index="2">
              <value>
                <![CDATA[Roman]]>
              </value>
            </param>
            <param index="3">
              <value>
                <![CDATA[Reigns]]>
              </value>
            </param>
            <param index="4">
              <value>
                <![CDATA[testuser2@gmail.com]]>
              </value>
            </param>
            <param index="5">
              <value>
                <![CDATA[TestUser2@90]]>
              </value>
            </param>
            <param index="6">
              <value>
                <![CDATA[2222222222]]>
              </value>
            </param>
          </params>
          <reporter-output>
          </reporter-output>
        </test-method> <!-- testPostUser -->
        <test-method signature="testPostUser(java.lang.String,java.lang.String,java.lang.String,java.lang.String,java.lang.String,java.lang.String,java.lang.String)[pri:1, instance:api.tests.DataDrivenTests@3f4faf53]" started-at="2023-07-11T12:38:05 IST" name="testPostUser" data-provider="Data" finished-at="2023-07-11T12:38:06 IST" duration-ms="1158" status="PASS">
          <params>
            <param index="0">
              <value>
                <![CDATA[100003]]>
              </value>
            </param>
            <param index="1">
              <value>
                <![CDATA[TestUser3]]>
              </value>
            </param>
            <param index="2">
              <value>
                <![CDATA[Brock]]>
              </value>
            </param>
            <param index="3">
              <value>
                <![CDATA[Lesner]]>
              </value>
            </param>
            <param index="4">
              <value>
                <![CDATA[testuser3@gmail.com]]>
              </value>
            </param>
            <param index="5">
              <value>
                <![CDATA[TestUser3@91]]>
              </value>
            </param>
            <param index="6">
              <value>
                <![CDATA[3333333333]]>
              </value>
            </param>
          </params>
          <reporter-output>
          </reporter-output>
        </test-method> <!-- testPostUser -->
        <test-method signature="testDeleteByUserName(java.lang.String)[pri:2, instance:api.tests.DataDrivenTests@3f4faf53]" started-at="2023-07-11T12:38:07 IST" name="testDeleteByUserName" data-provider="userNames" finished-at="2023-07-11T12:38:08 IST" duration-ms="1189" status="PASS">
          <params>
            <param index="0">
              <value>
                <![CDATA[TestUser1]]>
              </value>
            </param>
          </params>
          <reporter-output>
          </reporter-output>
        </test-method> <!-- testDeleteByUserName -->
        <test-method signature="testDeleteByUserName(java.lang.String)[pri:2, instance:api.tests.DataDrivenTests@3f4faf53]" started-at="2023-07-11T12:38:08 IST" name="testDeleteByUserName" data-provider="userNames" finished-at="2023-07-11T12:38:09 IST" duration-ms="1155" status="PASS">
          <params>
            <param index="0">
              <value>
                <![CDATA[TestUser2]]>
              </value>
            </param>
          </params>
          <reporter-output>
          </reporter-output>
        </test-method> <!-- testDeleteByUserName -->
        <test-method signature="testDeleteByUserName(java.lang.String)[pri:2, instance:api.tests.DataDrivenTests@3f4faf53]" started-at="2023-07-11T12:38:09 IST" name="testDeleteByUserName" data-provider="userNames" finished-at="2023-07-11T12:38:10 IST" duration-ms="1186" status="PASS">
          <params>
            <param index="0">
              <value>
                <![CDATA[TestUser3]]>
              </value>
            </param>
          </params>
          <reporter-output>
          </reporter-output>
        </test-method> <!-- testDeleteByUserName -->
      </class> <!-- api.tests.DataDrivenTests -->
    </test> <!-- C:/Users/a853684/IdeaProjects/PetStoreAPIAutomation -->
  </suite> <!-- All Test Suite -->
</testng-results>
