<?xml version="1.0" encoding="UTF-8"?>
<testsuite xmlns:xsi="http://www.w3.org/2001/XMLSchema-instance" xsi:noNamespaceSchemaLocation="https://maven.apache.org/surefire/maven-surefire-plugin/xsd/surefire-test-report-3.0.xsd" version="3.0" name="TestSuite" time="22.162" tests="10" errors="0" skipped="0" failures="0">
  <properties>
[...]
</properties>
  <testcase name="testPostUser[100001, TestUser1, John, Cena, testuser1@gmail.com, TestUser1@89, 1111111111](1)" classname="api.tests.DataDrivenTests" time="4.552">
    <system-out><![CDATA[100001
HTTP/1.1 200 OK
Date: Tue, 11 Jul 2023 07:08:04 GMT
Content-Type: application/json
Transfer-Encoding: chunked
Connection: keep-alive
Access-Control-Allow-Origin: *
Access-Control-Allow-Methods: GET, POST, DELETE, PUT
Access-Control-Allow-Headers: Content-Type, api_key, Authorization
Server: Jetty(9.2.9.v20150224)

{
    "code": 200,
    "type": "unknown",
    "message": "100001"
}
]]></system-out>
    <system-err><![CDATA[SLF4J: No SLF4J providers were found.
SLF4J: Defaulting to no-operation (NOP) logger implementation
SLF4J: See https://www.slf4j.org/codes.html#noProviders for further details.
]]></system-err>
  </testcase>
  <testcase name="testPostUser[100002, TestUser2, Roman, Reigns, testuser2@gmail.com, TestUser2@90, 2222222222](2)" classname="api.tests.DataDrivenTests" time="1.182">
    <system-out><![CDATA[100002
HTTP/1.1 200 OK
Date: Tue, 11 Jul 2023 07:08:06 GMT
Content-Type: application/json
Transfer-Encoding: chunked
Connection: keep-alive
Access-Control-Allow-Origin: *
Access-Control-Allow-Methods: GET, POST, DELETE, PUT
Access-Control-Allow-Headers: Content-Type, api_key, Authorization
Server: Jetty(9.2.9.v20150224)

{
    "code": 200,
    "type": "unknown",
    "message": "100002"
}
]]></system-out>
  </testcase>
  <testcase name="testPostUser[100003, TestUser3, Brock, Lesner, testuser3@gmail.com, TestUser3@91, 3333333333](3)" classname="api.tests.DataDrivenTests" time="1.162">
    <system-out><![CDATA[100003
HTTP/1.1 200 OK
Date: Tue, 11 Jul 2023 07:08:07 GMT
Content-Type: application/json
Transfer-Encoding: chunked
Connection: keep-alive
Access-Control-Allow-Origin: *
Access-Control-Allow-Methods: GET, POST, DELETE, PUT
Access-Control-Allow-Headers: Content-Type, api_key, Authorization
Server: Jetty(9.2.9.v20150224)

{
    "code": 200,
    "type": "unknown",
    "message": "100003"
}
]]></system-out>
  </testcase>
  <testcase name="testDeleteByUserName[TestUser1](1)" classname="api.tests.DataDrivenTests" time="1.198">
    <system-out><![CDATA[TestUser1
HTTP/1.1 200 OK
Date: Tue, 11 Jul 2023 07:08:08 GMT
Content-Type: application/json
Transfer-Encoding: chunked
Connection: keep-alive
Access-Control-Allow-Origin: *
Access-Control-Allow-Methods: GET, POST, DELETE, PUT
Access-Control-Allow-Headers: Content-Type, api_key, Authorization
Server: Jetty(9.2.9.v20150224)

{
    "code": 200,
    "type": "unknown",
    "message": "TestUser1"
}
]]></system-out>
  </testcase>
  <testcase name="testDeleteByUserName[TestUser2](2)" classname="api.tests.DataDrivenTests" time="1.156">
    <system-out><![CDATA[TestUser2
HTTP/1.1 200 OK
Date: Tue, 11 Jul 2023 07:08:09 GMT
Content-Type: application/json
Transfer-Encoding: chunked
Connection: keep-alive
Access-Control-Allow-Origin: *
Access-Control-Allow-Methods: GET, POST, DELETE, PUT
Access-Control-Allow-Headers: Content-Type, api_key, Authorization
Server: Jetty(9.2.9.v20150224)

{
    "code": 200,
    "type": "unknown",
    "message": "TestUser2"
}
]]></system-out>
  </testcase>
  <testcase name="testDeleteByUserName[TestUser3](3)" classname="api.tests.DataDrivenTests" time="1.191">
    <system-out><![CDATA[TestUser3
HTTP/1.1 200 OK
Date: Tue, 11 Jul 2023 07:08:10 GMT
Content-Type: application/json
Transfer-Encoding: chunked
Connection: keep-alive
Access-Control-Allow-Origin: *
Access-Control-Allow-Methods: GET, POST, DELETE, PUT
Access-Control-Allow-Headers: Content-Type, api_key, Authorization
Server: Jetty(9.2.9.v20150224)

{
    "code": 200,
    "type": "unknown",
    "message": "TestUser3"
}
]]></system-out>
  </testcase>
  <testcase name="testPostUser" classname="api.tests.UserTests" time="1.183">
    <system-out><![CDATA[12:38:11.813 [main] INFO  api.tests.UserTests - ********* Creating User *********
HTTP/1.1 200 OK
Date: Tue, 11 Jul 2023 07:08:13 GMT
Content-Type: application/json
Transfer-Encoding: chunked
Connection: keep-alive
Access-Control-Allow-Origin: *
Access-Control-Allow-Methods: GET, POST, DELETE, PUT
Access-Control-Allow-Headers: Content-Type, api_key, Authorization
Server: Jetty(9.2.9.v20150224)

{
    "code": 200,
    "type": "unknown",
    "message": "1444776174"
}
Odell
12:38:12.978 [main] INFO  api.tests.UserTests - ********* Created User Successfully *********
]]></system-out>
  </testcase>
  <testcase name="testGetUserByName" classname="api.tests.UserTests" time="1.153">
    <system-out><![CDATA[12:38:12.982 [main] INFO  api.tests.UserTests - ********* Getting User Details *********
HTTP/1.1 200 OK
Date: Tue, 11 Jul 2023 07:08:14 GMT
Content-Type: application/json
Transfer-Encoding: chunked
Connection: keep-alive
Access-Control-Allow-Origin: *
Access-Control-Allow-Methods: GET, POST, DELETE, PUT
Access-Control-Allow-Headers: Content-Type, api_key, Authorization
Server: Jetty(9.2.9.v20150224)

{
    "id": 1444776174,
    "username": "milo.breitenberg",
    "firstName": "Odell",
    "lastName": "Skiles",
    "email": "luigi.ferry@gmail.com",
    "password": "pwgqi5xhqhsmhi",
    "phone": "1-963-018-8306",
    "userStatus": 0
}
]]></system-out>
  </testcase>
  <testcase name="testUpdateUserByName" classname="api.tests.UserTests" time="2.338">
    <system-out><![CDATA[12:38:14.141 [main] INFO  api.tests.UserTests - ********* Updating the User Details *********
HTTP/1.1 200 OK
Date: Tue, 11 Jul 2023 07:08:15 GMT
Content-Type: application/json
Transfer-Encoding: chunked
Connection: keep-alive
Access-Control-Allow-Origin: *
Access-Control-Allow-Methods: GET, POST, DELETE, PUT
Access-Control-Allow-Headers: Content-Type, api_key, Authorization
Server: Jetty(9.2.9.v20150224)

{
    "code": 200,
    "type": "unknown",
    "message": "1444776174"
}
HTTP/1.1 200 OK
Date: Tue, 11 Jul 2023 07:08:16 GMT
Content-Type: application/json
Transfer-Encoding: chunked
Connection: keep-alive
Access-Control-Allow-Origin: *
Access-Control-Allow-Methods: GET, POST, DELETE, PUT
Access-Control-Allow-Headers: Content-Type, api_key, Authorization
Server: Jetty(9.2.9.v20150224)

{
    "id": 1444776174,
    "username": "milo.breitenberg",
    "firstName": "Odell",
    "lastName": "Skiles",
    "email": "brandon.champlin@hotmail.com",
    "password": "aa1ws8pa6",
    "phone": "1-963-018-8306",
    "userStatus": 0
}
12:38:16.470 [main] INFO  api.tests.UserTests - ********* Successfully Updated the User Details *********
]]></system-out>
  </testcase>
  <testcase name="testDeleteUserByName" classname="api.tests.UserTests" time="1.16">
    <system-out><![CDATA[12:38:16.475 [main] INFO  api.tests.UserTests - ********* Deleting the User *********
HTTP/1.1 200 OK
Date: Tue, 11 Jul 2023 07:08:18 GMT
Content-Type: application/json
Transfer-Encoding: chunked
Connection: keep-alive
Access-Control-Allow-Origin: *
Access-Control-Allow-Methods: GET, POST, DELETE, PUT
Access-Control-Allow-Headers: Content-Type, api_key, Authorization
Server: Jetty(9.2.9.v20150224)

{
    "code": 200,
    "type": "unknown",
    "message": "milo.breitenberg"
}
12:38:17.635 [main] INFO  api.tests.UserTests - ********* Successfully Deleted the User *********
]]></system-out>
  </testcase>
</testsuite>